<?xml version="1.0" encoding="UTF-8"?>
<!-- Generated by org.testng.reporters.JUnitReportReporter -->
<testsuite hostname="CXWINLT054" failures="0" tests="2" name="com.demoproject.testcases.SignInTest" time="5.778" errors="0" timestamp="2023-03-10T12:33:50 IST" skipped="0">
  <testcase classname="com.demoproject.testcases.SignInTest" name="registration" time="5.513"/>
  <system-out/>
  <testcase classname="com.demoproject.testcases.SignInTest" name="signIn" time="0.265"/>
  <system-out/>
</testsuite> <!-- com.demoproject.testcases.SignInTest -->
