<?xml version="1.0" encoding="UTF-8"?>
<!-- Generated by org.testng.reporters.JUnitReportReporter -->
<testsuite hostname="CXWINLT054" failures="0" tests="1" name="com.demoproject.testcases.RegistrationTest" time="4.965" errors="0" timestamp="2023-03-10T12:33:50 IST" skipped="0">
  <testcase classname="com.demoproject.testcases.RegistrationTest" name="registration" time="4.965"/>
  <system-out/>
</testsuite> <!-- com.demoproject.testcases.RegistrationTest -->
